<?xml version="1.0" encoding="UTF-8"?>
<testng-results ignored="0" total="1" passed="1" failed="0" skipped="0">
  <reporter-output>
  </reporter-output>
  <suite started-at="2024-07-29T20:55:22 PDT" name="Surefire suite" finished-at="2024-07-29T20:55:39 PDT" duration-ms="16769">
    <groups>
    </groups>
    <test started-at="2024-07-29T20:55:22 PDT" name="Surefire test" finished-at="2024-07-29T20:55:39 PDT" duration-ms="16769">
      <class name="tests.LoginTest">
        <test-method is-config="true" signature="setup()[pri:0, instance:tests.LoginTest@186f8716]" started-at="2024-07-29T20:55:22 PDT" name="setup" finished-at="2024-07-29T20:55:32 PDT" duration-ms="10189" status="PASS">
          <reporter-output>
          </reporter-output>
        </test-method> <!-- setup -->
        <test-method signature="testLogin()[pri:0, instance:tests.LoginTest@186f8716]" started-at="2024-07-29T20:55:32 PDT" name="testLogin" finished-at="2024-07-29T20:55:38 PDT" duration-ms="6091" status="PASS">
          <reporter-output>
          </reporter-output>
        </test-method> <!-- testLogin -->
        <test-method is-config="true" signature="teardown()[pri:0, instance:tests.LoginTest@186f8716]" started-at="2024-07-29T20:55:38 PDT" name="teardown" finished-at="2024-07-29T20:55:39 PDT" duration-ms="356" status="PASS">
          <reporter-output>
          </reporter-output>
        </test-method> <!-- teardown -->
      </class> <!-- tests.LoginTest -->
    </test> <!-- Surefire test -->
  </suite> <!-- Surefire suite -->
</testng-results>
