<?xml version="1.0" encoding="UTF-8"?>
<testsuite xmlns:xsi="http://www.w3.org/2001/XMLSchema-instance" xsi:noNamespaceSchemaLocation="https://maven.apache.org/surefire/maven-surefire-plugin/xsd/surefire-test-report.xsd" name="TestSuite" time="45.789" tests="3" errors="0" skipped="0" failures="0">
  <properties>
[...]
</properties>
  <testcase name="testLogin" classname="tests.LoginTest" time="8.247"/>
  <testcase name="testLogin" classname="tests.LoginTest" time="6.919"/>
  <testcase name="testLogin" classname="tests.LoginTest" time="4.848"/>
</testsuite>