<?xml version="1.0" encoding="UTF-8"?>
<testng-results ignored="0" total="3" passed="3" failed="0" skipped="0">
  <reporter-output>
  </reporter-output>
  <suite started-at="2024-07-29T12:28:23 PDT" name="Suite" finished-at="2024-07-29T12:28:47 PDT" duration-ms="24255">
    <groups>
    </groups>
    <test started-at="2024-07-29T12:28:23 PDT" name="Webkit" finished-at="2024-07-29T12:28:35 PDT" duration-ms="12417">
      <class name="tests.LoginTest">
        <test-method is-config="true" signature="setup()[pri:0, instance:tests.LoginTest@231f98ef]" started-at="2024-07-29T12:28:23 PDT" name="setup" finished-at="2024-07-29T12:28:30 PDT" duration-ms="7301" status="PASS">
          <reporter-output>
          </reporter-output>
        </test-method> <!-- setup -->
        <test-method signature="testLogin()[pri:0, instance:tests.LoginTest@231f98ef]" started-at="2024-07-29T12:28:30 PDT" name="testLogin" finished-at="2024-07-29T12:28:35 PDT" duration-ms="4906" status="PASS">
          <reporter-output>
          </reporter-output>
        </test-method> <!-- testLogin -->
        <test-method is-config="true" signature="teardown()[pri:0, instance:tests.LoginTest@231f98ef]" started-at="2024-07-29T12:28:35 PDT" name="teardown" finished-at="2024-07-29T12:28:35 PDT" duration-ms="168" status="PASS">
          <reporter-output>
          </reporter-output>
        </test-method> <!-- teardown -->
      </class> <!-- tests.LoginTest -->
    </test> <!-- Webkit -->
    <test started-at="2024-07-29T12:28:36 PDT" name="Chrome" finished-at="2024-07-29T12:28:42 PDT" duration-ms="6315">
      <class name="tests.LoginTest">
        <test-method is-config="true" signature="setup()[pri:0, instance:tests.LoginTest@3feb2dda]" started-at="2024-07-29T12:28:36 PDT" name="setup" finished-at="2024-07-29T12:28:37 PDT" duration-ms="1008" status="PASS">
          <reporter-output>
          </reporter-output>
        </test-method> <!-- setup -->
        <test-method signature="testLogin()[pri:0, instance:tests.LoginTest@3feb2dda]" started-at="2024-07-29T12:28:37 PDT" name="testLogin" finished-at="2024-07-29T12:28:42 PDT" duration-ms="5150" status="PASS">
          <reporter-output>
          </reporter-output>
        </test-method> <!-- testLogin -->
        <test-method is-config="true" signature="teardown()[pri:0, instance:tests.LoginTest@3feb2dda]" started-at="2024-07-29T12:28:42 PDT" name="teardown" finished-at="2024-07-29T12:28:42 PDT" duration-ms="146" status="PASS">
          <reporter-output>
          </reporter-output>
        </test-method> <!-- teardown -->
      </class> <!-- tests.LoginTest -->
    </test> <!-- Chrome -->
    <test started-at="2024-07-29T12:28:42 PDT" name="FireFox" finished-at="2024-07-29T12:28:47 PDT" duration-ms="5428">
      <class name="tests.LoginTest">
        <test-method is-config="true" signature="setup()[pri:0, instance:tests.LoginTest@dc7df28]" started-at="2024-07-29T12:28:42 PDT" name="setup" finished-at="2024-07-29T12:28:43 PDT" duration-ms="887" status="PASS">
          <reporter-output>
          </reporter-output>
        </test-method> <!-- setup -->
        <test-method signature="testLogin()[pri:0, instance:tests.LoginTest@dc7df28]" started-at="2024-07-29T12:28:43 PDT" name="testLogin" finished-at="2024-07-29T12:28:47 PDT" duration-ms="4387" status="PASS">
          <reporter-output>
          </reporter-output>
        </test-method> <!-- testLogin -->
        <test-method is-config="true" signature="teardown()[pri:0, instance:tests.LoginTest@dc7df28]" started-at="2024-07-29T12:28:47 PDT" name="teardown" finished-at="2024-07-29T12:28:47 PDT" duration-ms="147" status="PASS">
          <reporter-output>
          </reporter-output>
        </test-method> <!-- teardown -->
      </class> <!-- tests.LoginTest -->
    </test> <!-- FireFox -->
  </suite> <!-- Suite -->
</testng-results>
